# JRE version: OpenJDK Runtime Environment (21.0.8) (build 21.0.8+-14018985-b1038.68)
# Java VM: OpenJDK 64-Bit Server VM (21.0.8+-14018985-b1038.68, mixed mode, tiered, compressed oops, compressed class ptrs, g1 gc, windows-amd64)
GC Precious Log:
 CardTable entry size: 512
 Card Set container configuration: InlinePtr #cards 5 size 8 Array Of Cards #cards 12 size 40 Howl #buckets 4 coarsen threshold 1843 Howl Bitmap #cards 512 size 80 coarsen threshold 460 Card regions per heap region 1 cards per card region 2048
 CPUs: 2 total, 2 available
 Memory: 3841M
 Large Page Support: Disabled
 NUMA Support: Disabled
 Compressed Oops: Enabled (32-bit)
 Heap Region Size: 1M
 Heap Min Capacity: 8M
 Heap Initial Capacity: 62M
 Heap Max Capacity: 2G
 Pre-touch: Disabled
 Parallel Workers: 2
 Concurrent Workers: 1
 Concurrent Refinement Workers: 2
 Periodic GC: Disabled
Heap:
 garbage-first heap   total 122880K, used 77659K [0x0000000080000000, 0x0000000100000000)
  region size 1024K, 6 young (6144K), 5 survivors (5120K)
 Metaspace       used 86428K, committed 88256K, reserved 1179648K
  class space    used 11907K, committed 12800K, reserved 1048576K
GC Heap History (20 events):
Event: 261.438 GC heap before
{Heap before GC invocations=32 (full 0):
 garbage-first heap   total 80896K, used 71144K [0x0000000080000000, 0x0000000100000000)
  region size 1024K, 22 young (22528K), 3 survivors (3072K)
 Metaspace       used 73032K, committed 74752K, reserved 1114112K
  class space    used 10251K, committed 11072K, reserved 1048576K
}
Event: 261.456 GC heap after
{Heap after GC invocations=33 (full 0):
 garbage-first heap   total 80896K, used 52416K [0x0000000080000000, 0x0000000100000000)
  region size 1024K, 3 young (3072K), 3 survivors (3072K)
 Metaspace       used 73032K, committed 74752K, reserved 1114112K
  class space    used 10251K, committed 11072K, reserved 1048576K
}
Event: 262.534 GC heap before
{Heap before GC invocations=33 (full 0):
 garbage-first heap   total 80896K, used 71872K [0x0000000080000000, 0x0000000100000000)
  region size 1024K, 22 young (22528K), 3 survivors (3072K)
 Metaspace       used 73151K, committed 74816K, reserved 1114112K
  class space    used 10251K, committed 11072K, reserved 1048576K
}
Event: 262.543 GC heap after
{Heap after GC invocations=34 (full 0):
 garbage-first heap   total 80896K, used 53029K [0x0000000080000000, 0x0000000100000000)
  region size 1024K, 3 young (3072K), 3 survivors (3072K)
 Metaspace       used 73151K, committed 74816K, reserved 1114112K
  class space    used 10251K, committed 11072K, reserved 1048576K
}
Event: 264.144 GC heap before
{Heap before GC invocations=35 (full 0):
 garbage-first heap   total 89088K, used 71461K [0x0000000080000000, 0x0000000100000000)
  region size 1024K, 22 young (22528K), 3 survivors (3072K)
 Metaspace       used 73270K, committed 75008K, reserved 1114112K
  class space    used 10251K, committed 11072K, reserved 1048576K
}
Event: 264.152 GC heap after
{Heap after GC invocations=36 (full 0):
 garbage-first heap   total 107520K, used 53573K [0x0000000080000000, 0x0000000100000000)
  region size 1024K, 3 young (3072K), 3 survivors (3072K)
 Metaspace       used 73270K, committed 75008K, reserved 1114112K
  class space    used 10251K, committed 11072K, reserved 1048576K
}
Event: 266.257 GC heap before
{Heap before GC invocations=36 (full 0):
 garbage-first heap   total 107520K, used 92485K [0x0000000080000000, 0x0000000100000000)
  region size 1024K, 42 young (43008K), 3 survivors (3072K)
 Metaspace       used 73306K, committed 75008K, reserved 1114112K
  class space    used 10252K, committed 11072K, reserved 1048576K
}
Event: 266.270 GC heap after
{Heap after GC invocations=37 (full 0):
 garbage-first heap   total 107520K, used 53764K [0x0000000080000000, 0x0000000100000000)
  region size 1024K, 4 young (4096K), 4 survivors (4096K)
 Metaspace       used 73306K, committed 75008K, reserved 1114112K
  class space    used 10252K, committed 11072K, reserved 1048576K
}
Event: 267.629 GC heap before
{Heap before GC invocations=37 (full 0):
 garbage-first heap   total 107520K, used 95748K [0x0000000080000000, 0x0000000100000000)
  region size 1024K, 45 young (46080K), 4 survivors (4096K)
 Metaspace       used 73311K, committed 75008K, reserved 1114112K
  class space    used 10252K, committed 11072K, reserved 1048576K
}
Event: 267.638 GC heap after
{Heap after GC invocations=38 (full 0):
 garbage-first heap   total 107520K, used 54346K [0x0000000080000000, 0x0000000100000000)
  region size 1024K, 4 young (4096K), 4 survivors (4096K)
 Metaspace       used 73311K, committed 75008K, reserved 1114112K
  class space    used 10252K, committed 11072K, reserved 1048576K
}
Event: 269.330 GC heap before
{Heap before GC invocations=39 (full 0):
 garbage-first heap   total 107520K, used 95306K [0x0000000080000000, 0x0000000100000000)
  region size 1024K, 45 young (46080K), 4 survivors (4096K)
 Metaspace       used 73701K, committed 75392K, reserved 1114112K
  class space    used 10308K, committed 11136K, reserved 1048576K
}
Event: 269.339 GC heap after
{Heap after GC invocations=40 (full 0):
 garbage-first heap   total 107520K, used 54847K [0x0000000080000000, 0x0000000100000000)
  region size 1024K, 4 young (4096K), 4 survivors (4096K)
 Metaspace       used 73701K, committed 75392K, reserved 1114112K
  class space    used 10308K, committed 11136K, reserved 1048576K
}
Event: 274.241 GC heap before
{Heap before GC invocations=40 (full 0):
 garbage-first heap   total 107520K, used 106047K [0x0000000080000000, 0x0000000100000000)
  region size 1024K, 44 young (45056K), 4 survivors (4096K)
 Metaspace       used 76125K, committed 77888K, reserved 1179648K
  class space    used 10605K, committed 11456K, reserved 1048576K
}
Event: 274.274 GC heap after
{Heap after GC invocations=41 (full 0):
 garbage-first heap   total 118784K, used 70617K [0x0000000080000000, 0x0000000100000000)
  region size 1024K, 6 young (6144K), 6 survivors (6144K)
 Metaspace       used 76125K, committed 77888K, reserved 1179648K
  class space    used 10605K, committed 11456K, reserved 1048576K
}
Event: 276.917 GC heap before
{Heap before GC invocations=41 (full 0):
 garbage-first heap   total 118784K, used 104409K [0x0000000080000000, 0x0000000100000000)
  region size 1024K, 40 young (40960K), 6 survivors (6144K)
 Metaspace       used 79902K, committed 81664K, reserved 1179648K
  class space    used 11025K, committed 11904K, reserved 1048576K
}
Event: 276.937 GC heap after
{Heap after GC invocations=42 (full 0):
 garbage-first heap   total 118784K, used 71680K [0x0000000080000000, 0x0000000100000000)
  region size 1024K, 1 young (1024K), 1 survivors (1024K)
 Metaspace       used 79902K, committed 81664K, reserved 1179648K
  class space    used 11025K, committed 11904K, reserved 1048576K
}
Event: 281.006 GC heap before
{Heap before GC invocations=43 (full 0):
 garbage-first heap   total 119808K, used 106496K [0x0000000080000000, 0x0000000100000000)
  region size 1024K, 36 young (36864K), 1 survivors (1024K)
 Metaspace       used 83741K, committed 85568K, reserved 1179648K
  class space    used 11544K, committed 12416K, reserved 1048576K
}
Event: 281.017 GC heap after
{Heap after GC invocations=44 (full 0):
 garbage-first heap   total 119808K, used 73038K [0x0000000080000000, 0x0000000100000000)
  region size 1024K, 3 young (3072K), 3 survivors (3072K)
 Metaspace       used 83741K, committed 85568K, reserved 1179648K
  class space    used 11544K, committed 12416K, reserved 1048576K
}
Event: 285.149 GC heap before
{Heap before GC invocations=44 (full 0):
 garbage-first heap   total 119808K, used 113998K [0x0000000080000000, 0x0000000100000000)
  region size 1024K, 38 young (38912K), 3 survivors (3072K)
 Metaspace       used 86428K, committed 88256K, reserved 1179648K
  class space    used 11907K, committed 12800K, reserved 1048576K
}
Event: 285.593 GC heap after
{Heap after GC invocations=45 (full 0):
 garbage-first heap   total 122880K, used 77659K [0x0000000080000000, 0x0000000100000000)
  region size 1024K, 5 young (5120K), 5 survivors (5120K)
 Metaspace       used 86428K, committed 88256K, reserved 1179648K
  class space    used 11907K, committed 12800K, reserved 1048576K
}

